0 info it worked if it ends with ok
1 verbose cli [ '/Users/connor/.nvm/versions/node/v0.12.0/bin/node',
1 verbose cli   '/Users/connor/.nvm/versions/node/v0.12.0/bin/npm',
1 verbose cli   'run',
1 verbose cli   'build' ]
2 info using npm@2.5.1
3 info using node@v0.12.0
4 verbose run-script [ 'prebuild', 'build', 'postbuild' ]
5 info prebuild todo-list@1.0.0
6 info build todo-list@1.0.0
7 verbose unsafe-perm in lifecycle true
8 info todo-list@1.0.0 Failed to exec build script
9 verbose stack Error: todo-list@1.0.0 build: `browserify -t coffee-reactify ./source/app.coffee > ./app.js`
9 verbose stack Exit status 1
9 verbose stack     at EventEmitter.<anonymous> (/Users/connor/.nvm/versions/node/v0.12.0/lib/node_modules/npm/lib/utils/lifecycle.js:213:16)
9 verbose stack     at EventEmitter.emit (events.js:110:17)
9 verbose stack     at ChildProcess.<anonymous> (/Users/connor/.nvm/versions/node/v0.12.0/lib/node_modules/npm/lib/utils/spawn.js:14:12)
9 verbose stack     at ChildProcess.emit (events.js:110:17)
9 verbose stack     at maybeClose (child_process.js:1008:16)
9 verbose stack     at Process.ChildProcess._handle.onexit (child_process.js:1080:5)
10 verbose pkgid todo-list@1.0.0
11 verbose cwd /Users/connor/projects/todo-list
12 error Darwin 14.1.0
13 error argv "/Users/connor/.nvm/versions/node/v0.12.0/bin/node" "/Users/connor/.nvm/versions/node/v0.12.0/bin/npm" "run" "build"
14 error node v0.12.0
15 error npm  v2.5.1
16 error code ELIFECYCLE
17 error todo-list@1.0.0 build: `browserify -t coffee-reactify ./source/app.coffee > ./app.js`
17 error Exit status 1
18 error Failed at the todo-list@1.0.0 build script 'browserify -t coffee-reactify ./source/app.coffee > ./app.js'.
18 error This is most likely a problem with the todo-list package,
18 error not with npm itself.
18 error Tell the author that this fails on your system:
18 error     browserify -t coffee-reactify ./source/app.coffee > ./app.js
18 error You can get their info via:
18 error     npm owner ls todo-list
18 error There is likely additional logging output above.
19 verbose exit [ 1, true ]
